Start testing: Jun 24 20:05 CST
----------------------------------------------------------
1/4 Testing: test_run
1/4 Test: test_run
Command: "/home/xuwei/CPPPROJECT/cmake/Demo" "5" "2"
Directory: /home/xuwei/CPPPROJECT/cmake
"test_run" start time: Jun 24 20:05 CST
Output:
----------------------------------------------------------
now use standard library 
5 ^ 2 is 25
<end of output>
Test time =   0.00 sec
----------------------------------------------------------
Test Passed.
"test_run" end time: Jun 24 20:05 CST
"test_run" time elapsed: 00:00:00
----------------------------------------------------------

2/4 Testing: test_5_2
2/4 Test: test_5_2
Command: "/home/xuwei/CPPPROJECT/cmake/Demo" "5" "2"
Directory: /home/xuwei/CPPPROJECT/cmake
"test_5_2" start time: Jun 24 20:05 CST
Output:
----------------------------------------------------------
now use standard library 
5 ^ 2 is 25
<end of output>
Test time =   0.00 sec
----------------------------------------------------------
Test Pass Reason:
Required regular expression found.Regex=[is 2
]
"test_5_2" end time: Jun 24 20:05 CST
"test_5_2" time elapsed: 00:00:00
----------------------------------------------------------

3/4 Testing: test_10_5
3/4 Test: test_10_5
Command: "/home/xuwei/CPPPROJECT/cmake/Demo" "10" "5"
Directory: /home/xuwei/CPPPROJECT/cmake
"test_10_5" start time: Jun 24 20:05 CST
Output:
----------------------------------------------------------
now use standard library 
10 ^ 5 is 100000
<end of output>
Test time =   0.00 sec
----------------------------------------------------------
Test Pass Reason:
Required regular expression found.Regex=[is 100000
]
"test_10_5" end time: Jun 24 20:05 CST
"test_10_5" time elapsed: 00:00:00
----------------------------------------------------------

4/4 Testing: test_2_10
4/4 Test: test_2_10
Command: "/home/xuwei/CPPPROJECT/cmake/Demo" "2" "10"
Directory: /home/xuwei/CPPPROJECT/cmake
"test_2_10" start time: Jun 24 20:05 CST
Output:
----------------------------------------------------------
now use standard library 
2 ^ 10 is 1024
<end of output>
Test time =   0.00 sec
----------------------------------------------------------
Test Pass Reason:
Required regular expression found.Regex=[is 1024
]
"test_2_10" end time: Jun 24 20:05 CST
"test_2_10" time elapsed: 00:00:00
----------------------------------------------------------

End testing: Jun 24 20:05 CST
